<?xml version="1.0" encoding="UTF-8"?>
<testsuite name="com.rynowak.weatherapp.WeatherappApplicationTests" tests="1" skipped="0" failures="0" errors="0" timestamp="2019-12-10T17:57:16" hostname="MacBook-BRO.local" time="0.189">
  <properties/>
  <testcase name="contextLoads()" classname="com.rynowak.weatherapp.WeatherappApplicationTests" time="0.189"/>
  <system-out><![CDATA[09:57:15.473 [Test worker] DEBUG org.springframework.test.context.BootstrapUtils - Instantiating CacheAwareContextLoaderDelegate from class [org.springframework.test.context.cache.DefaultCacheAwareContextLoaderDelegate]
09:57:15.491 [Test worker] DEBUG org.springframework.test.context.BootstrapUtils - Instantiating BootstrapContext using constructor [public org.springframework.test.context.support.DefaultBootstrapContext(java.lang.Class,org.springframework.test.context.CacheAwareContextLoaderDelegate)]
09:57:15.530 [Test worker] DEBUG org.springframework.test.context.BootstrapUtils - Instantiating TestContextBootstrapper for test class [com.rynowak.weatherapp.WeatherappApplicationTests] from class [org.springframework.boot.test.context.SpringBootTestContextBootstrapper]
09:57:15.545 [Test worker] INFO org.springframework.boot.test.context.SpringBootTestContextBootstrapper - Neither @ContextConfiguration nor @ContextHierarchy found for test class [com.rynowak.weatherapp.WeatherappApplicationTests], using SpringBootContextLoader
09:57:15.549 [Test worker] DEBUG org.springframework.test.context.support.AbstractContextLoader - Did not detect default resource location for test class [com.rynowak.weatherapp.WeatherappApplicationTests]: class path resource [com/rynowak/weatherapp/WeatherappApplicationTests-context.xml] does not exist
09:57:15.550 [Test worker] DEBUG org.springframework.test.context.support.AbstractContextLoader - Did not detect default resource location for test class [com.rynowak.weatherapp.WeatherappApplicationTests]: class path resource [com/rynowak/weatherapp/WeatherappApplicationTestsContext.groovy] does not exist
09:57:15.552 [Test worker] INFO org.springframework.test.context.support.AbstractContextLoader - Could not detect default resource locations for test class [com.rynowak.weatherapp.WeatherappApplicationTests]: no resource found for suffixes {-context.xml, Context.groovy}.
09:57:15.553 [Test worker] INFO org.springframework.test.context.support.AnnotationConfigContextLoaderUtils - Could not detect default configuration classes for test class [com.rynowak.weatherapp.WeatherappApplicationTests]: WeatherappApplicationTests does not declare any static, non-private, non-final, nested classes annotated with @Configuration.
09:57:15.587 [Test worker] DEBUG org.springframework.test.context.support.ActiveProfilesUtils - Could not find an 'annotation declaring class' for annotation type [org.springframework.test.context.ActiveProfiles] and class [com.rynowak.weatherapp.WeatherappApplicationTests]
09:57:15.674 [Test worker] DEBUG org.springframework.context.annotation.ClassPathScanningCandidateComponentProvider - Identified candidate component class: file [/Users/ryan/github.com/rynowak/benchmarks-playground/java/weatherapp-springboot/build/classes/java/main/com/rynowak/weatherapp/WeatherappApplication.class]
09:57:15.675 [Test worker] INFO org.springframework.boot.test.context.SpringBootTestContextBootstrapper - Found @SpringBootConfiguration com.rynowak.weatherapp.WeatherappApplication for test class com.rynowak.weatherapp.WeatherappApplicationTests
09:57:15.799 [Test worker] DEBUG org.springframework.boot.test.context.SpringBootTestContextBootstrapper - @TestExecutionListeners is not present for class [com.rynowak.weatherapp.WeatherappApplicationTests]: using defaults.
09:57:15.801 [Test worker] INFO org.springframework.boot.test.context.SpringBootTestContextBootstrapper - Loaded default TestExecutionListener class names from location [META-INF/spring.factories]: [org.springframework.boot.test.autoconfigure.restdocs.RestDocsTestExecutionListener, org.springframework.boot.test.autoconfigure.web.client.MockRestServiceServerResetTestExecutionListener, org.springframework.boot.test.autoconfigure.web.servlet.MockMvcPrintOnlyOnFailureTestExecutionListener, org.springframework.boot.test.autoconfigure.web.servlet.WebDriverTestExecutionListener, org.springframework.boot.test.mock.mockito.MockitoTestExecutionListener, org.springframework.boot.test.mock.mockito.ResetMocksTestExecutionListener, org.springframework.test.context.web.ServletTestExecutionListener, org.springframework.test.context.support.DirtiesContextBeforeModesTestExecutionListener, org.springframework.test.context.support.DependencyInjectionTestExecutionListener, org.springframework.test.context.support.DirtiesContextTestExecutionListener, org.springframework.test.context.transaction.TransactionalTestExecutionListener, org.springframework.test.context.jdbc.SqlScriptsTestExecutionListener, org.springframework.test.context.event.EventPublishingTestExecutionListener]
09:57:15.811 [Test worker] DEBUG org.springframework.boot.test.context.SpringBootTestContextBootstrapper - Skipping candidate TestExecutionListener [org.springframework.test.context.web.ServletTestExecutionListener] due to a missing dependency. Specify custom listener classes or make the default listener classes and their required dependencies available. Offending class: [javax/servlet/ServletContext]
09:57:15.813 [Test worker] DEBUG org.springframework.boot.test.context.SpringBootTestContextBootstrapper - Skipping candidate TestExecutionListener [org.springframework.test.context.transaction.TransactionalTestExecutionListener] due to a missing dependency. Specify custom listener classes or make the default listener classes and their required dependencies available. Offending class: [org/springframework/transaction/interceptor/TransactionAttributeSource]
09:57:15.814 [Test worker] DEBUG org.springframework.boot.test.context.SpringBootTestContextBootstrapper - Skipping candidate TestExecutionListener [org.springframework.test.context.jdbc.SqlScriptsTestExecutionListener] due to a missing dependency. Specify custom listener classes or make the default listener classes and their required dependencies available. Offending class: [org/springframework/transaction/interceptor/TransactionAttribute]
09:57:15.820 [Test worker] INFO org.springframework.boot.test.context.SpringBootTestContextBootstrapper - Using TestExecutionListeners: [org.springframework.test.context.support.DirtiesContextBeforeModesTestExecutionListener@34e8a444, org.springframework.boot.test.mock.mockito.MockitoTestExecutionListener@702e3092, org.springframework.boot.test.autoconfigure.SpringBootDependencyInjectionTestExecutionListener@36713484, org.springframework.test.context.support.DirtiesContextTestExecutionListener@1ba98aaa, org.springframework.test.context.event.EventPublishingTestExecutionListener@6a92d71f, org.springframework.boot.test.autoconfigure.restdocs.RestDocsTestExecutionListener@6b39d07f, org.springframework.boot.test.autoconfigure.web.client.MockRestServiceServerResetTestExecutionListener@54d31c88, org.springframework.boot.test.autoconfigure.web.servlet.MockMvcPrintOnlyOnFailureTestExecutionListener@3f83062, org.springframework.boot.test.autoconfigure.web.servlet.WebDriverTestExecutionListener@7f2e252d, org.springframework.boot.test.mock.mockito.ResetMocksTestExecutionListener@5a31b89f]
09:57:15.824 [Test worker] DEBUG org.springframework.test.context.support.AbstractDirtiesContextTestExecutionListener - Before test class: context [DefaultTestContext@7f03b40d testClass = WeatherappApplicationTests, testInstance = [null], testMethod = [null], testException = [null], mergedContextConfiguration = [MergedContextConfiguration@3c3e1cfb testClass = WeatherappApplicationTests, locations = '{}', classes = '{class com.rynowak.weatherapp.WeatherappApplication}', contextInitializerClasses = '[]', activeProfiles = '{}', propertySourceLocations = '{}', propertySourceProperties = '{org.springframework.boot.test.context.SpringBootTestContextBootstrapper=true}', contextCustomizers = set[org.springframework.boot.test.autoconfigure.properties.PropertyMappingContextCustomizer@0, org.springframework.boot.test.autoconfigure.web.servlet.WebDriverContextCustomizerFactory$Customizer@13c43565, org.springframework.boot.test.context.filter.ExcludeFilterContextCustomizer@cb4b73f, org.springframework.boot.test.json.DuplicateJsonObjectContextCustomizerFactory$DuplicateJsonObjectContextCustomizer@6c3f4638, org.springframework.boot.test.mock.mockito.MockitoContextCustomizer@0, org.springframework.boot.test.web.client.TestRestTemplateContextCustomizer@41688140], contextLoader = 'org.springframework.boot.test.context.SpringBootContextLoader', parent = [null]], attributes = map[[empty]]], class annotated with @DirtiesContext [false] with mode [null].
09:57:15.840 [Test worker] DEBUG org.springframework.test.context.support.DependencyInjectionTestExecutionListener - Performing dependency injection for test context [[DefaultTestContext@7f03b40d testClass = WeatherappApplicationTests, testInstance = com.rynowak.weatherapp.WeatherappApplicationTests@79af1f10, testMethod = [null], testException = [null], mergedContextConfiguration = [MergedContextConfiguration@3c3e1cfb testClass = WeatherappApplicationTests, locations = '{}', classes = '{class com.rynowak.weatherapp.WeatherappApplication}', contextInitializerClasses = '[]', activeProfiles = '{}', propertySourceLocations = '{}', propertySourceProperties = '{org.springframework.boot.test.context.SpringBootTestContextBootstrapper=true}', contextCustomizers = set[org.springframework.boot.test.autoconfigure.properties.PropertyMappingContextCustomizer@0, org.springframework.boot.test.autoconfigure.web.servlet.WebDriverContextCustomizerFactory$Customizer@13c43565, org.springframework.boot.test.context.filter.ExcludeFilterContextCustomizer@cb4b73f, org.springframework.boot.test.json.DuplicateJsonObjectContextCustomizerFactory$DuplicateJsonObjectContextCustomizer@6c3f4638, org.springframework.boot.test.mock.mockito.MockitoContextCustomizer@0, org.springframework.boot.test.web.client.TestRestTemplateContextCustomizer@41688140], contextLoader = 'org.springframework.boot.test.context.SpringBootContextLoader', parent = [null]], attributes = map[[empty]]]].
09:57:15.869 [Test worker] DEBUG org.springframework.test.context.support.TestPropertySourceUtils - Adding inlined properties to environment: {spring.jmx.enabled=false, org.springframework.boot.test.context.SpringBootTestContextBootstrapper=true, server.port=-1}

  .   ____          _            __ _ _
 /\\ / ___'_ __ _ _(_)_ __  __ _ \ \ \ \
( ( )\___ | '_ | '_| | '_ \/ _` | \ \ \ \
 \\/  ___)| |_)| | | | | || (_| |  ) ) ) )
  '  |____| .__|_| |_|_| |_\__, | / / / /
 =========|_|==============|___/=/_/_/_/
 :: Spring Boot ::        (v2.2.2.RELEASE)

2019-12-10 09:57:16.333  INFO 64670 --- [    Test worker] c.r.w.WeatherappApplicationTests         : Starting WeatherappApplicationTests on MacBook-BRO.local with PID 64670 (started by ryan in /Users/ryan/github.com/rynowak/benchmarks-playground/java/weatherapp-springboot)
2019-12-10 09:57:16.342  INFO 64670 --- [    Test worker] c.r.w.WeatherappApplicationTests         : No active profile set, falling back to default profiles: default
2019-12-10 09:57:16.928  INFO 64670 --- [    Test worker] c.r.w.WeatherappApplicationTests         : Started WeatherappApplicationTests in 1.055 seconds (JVM running for 2.777)
]]></system-out>
  <system-err><![CDATA[]]></system-err>
</testsuite>
